<?xml version="1.0" encoding="UTF-8"?>
<robot generator="Robot 3.1.2 (Python 3.7.7 on win32)" generated="20200421 00:03:28.811" rpa="false">
<suite id="s1" name="TestSuite1" source="C:\Users\Mohan\eclipse-workspace\RobotProject1\test\TestSuite1.robot">
<kw name="Log" library="BuiltIn" type="setup">
<doc>Logs the given message with the given level.</doc>
<arguments>
<arg>Im inside TestSuite setup</arg>
</arguments>
<msg timestamp="20200421 00:03:29.161" level="INFO">Im inside TestSuite setup</msg>
<status status="PASS" starttime="20200421 00:03:29.160" endtime="20200421 00:03:29.161"></status>
</kw>
<test id="s1-t1" name="MyFirstTest">
<kw name="Log" library="BuiltIn" type="setup">
<doc>Logs the given message with the given level.</doc>
<arguments>
<arg>Im inside TestCase setup</arg>
</arguments>
<msg timestamp="20200421 00:03:29.162" level="INFO">Im inside TestCase setup</msg>
<status status="PASS" starttime="20200421 00:03:29.162" endtime="20200421 00:03:29.163"></status>
</kw>
<kw name="Log" library="BuiltIn">
<doc>Logs the given message with the given level.</doc>
<arguments>
<arg>Hello world...</arg>
</arguments>
<msg timestamp="20200421 00:03:29.164" level="INFO">Hello world...</msg>
<status status="PASS" starttime="20200421 00:03:29.164" endtime="20200421 00:03:29.164"></status>
</kw>
<kw name="Log" library="BuiltIn" type="teardown">
<doc>Logs the given message with the given level.</doc>
<arguments>
<arg>Im inside TestCase TearDown</arg>
</arguments>
<msg timestamp="20200421 00:03:29.164" level="INFO">Im inside TestCase TearDown</msg>
<status status="PASS" starttime="20200421 00:03:29.164" endtime="20200421 00:03:29.164"></status>
</kw>
<tags>
<tag>smoke</tag>
</tags>
<status status="PASS" starttime="20200421 00:03:29.161" endtime="20200421 00:03:29.165" critical="yes"></status>
</test>
<test id="s1-t2" name="MySecondTest">
<kw name="Log" library="BuiltIn" type="setup">
<doc>Logs the given message with the given level.</doc>
<arguments>
<arg>Im inside TestCase setup</arg>
</arguments>
<msg timestamp="20200421 00:03:29.167" level="INFO">Im inside TestCase setup</msg>
<status status="PASS" starttime="20200421 00:03:29.167" endtime="20200421 00:03:29.167"></status>
</kw>
<kw name="Log" library="BuiltIn">
<doc>Logs the given message with the given level.</doc>
<arguments>
<arg>Inside sencond test case</arg>
</arguments>
<msg timestamp="20200421 00:03:29.167" level="INFO">Inside sencond test case</msg>
<status status="PASS" starttime="20200421 00:03:29.167" endtime="20200421 00:03:29.167"></status>
</kw>
<kw name="Set Tags" library="BuiltIn">
<doc>Adds given ``tags`` for the current test or all tests in a suite.</doc>
<arguments>
<arg>regression</arg>
</arguments>
<msg timestamp="20200421 00:03:29.168" level="INFO">Set tag 'regression'.</msg>
<status status="PASS" starttime="20200421 00:03:29.168" endtime="20200421 00:03:29.168"></status>
</kw>
<kw name="Log" library="BuiltIn" type="teardown">
<doc>Logs the given message with the given level.</doc>
<arguments>
<arg>Im inside TestCase TearDown</arg>
</arguments>
<msg timestamp="20200421 00:03:29.169" level="INFO">Im inside TestCase TearDown</msg>
<status status="PASS" starttime="20200421 00:03:29.169" endtime="20200421 00:03:29.169"></status>
</kw>
<tags>
<tag>regression</tag>
<tag>Senity</tag>
</tags>
<status status="PASS" starttime="20200421 00:03:29.165" endtime="20200421 00:03:29.169" critical="yes"></status>
</test>
<test id="s1-t3" name="MyThirdTest">
<kw name="Log" library="BuiltIn" type="setup">
<doc>Logs the given message with the given level.</doc>
<arguments>
<arg>Im inside TestCase setup</arg>
</arguments>
<msg timestamp="20200421 00:03:29.171" level="INFO">Im inside TestCase setup</msg>
<status status="PASS" starttime="20200421 00:03:29.171" endtime="20200421 00:03:29.171"></status>
</kw>
<kw name="Log" library="BuiltIn">
<doc>Logs the given message with the given level.</doc>
<arguments>
<arg>Inside thirs test case</arg>
</arguments>
<msg timestamp="20200421 00:03:29.172" level="INFO">Inside thirs test case</msg>
<status status="PASS" starttime="20200421 00:03:29.172" endtime="20200421 00:03:29.172"></status>
</kw>
<kw name="Log" library="BuiltIn" type="teardown">
<doc>Logs the given message with the given level.</doc>
<arguments>
<arg>Im inside TestCase TearDown</arg>
</arguments>
<msg timestamp="20200421 00:03:29.173" level="INFO">Im inside TestCase TearDown</msg>
<status status="PASS" starttime="20200421 00:03:29.172" endtime="20200421 00:03:29.173"></status>
</kw>
<tags>
<tag>Senity</tag>
</tags>
<status status="PASS" starttime="20200421 00:03:29.170" endtime="20200421 00:03:29.174" critical="yes"></status>
</test>
<kw name="Log" library="BuiltIn" type="teardown">
<doc>Logs the given message with the given level.</doc>
<arguments>
<arg>Im inside TestSuite TearDown</arg>
</arguments>
<msg timestamp="20200421 00:03:29.174" level="INFO">Im inside TestSuite TearDown</msg>
<status status="PASS" starttime="20200421 00:03:29.174" endtime="20200421 00:03:29.174"></status>
</kw>
<status status="PASS" starttime="20200421 00:03:28.813" endtime="20200421 00:03:29.174"></status>
</suite>
<statistics>
<total>
<stat pass="3" fail="0">Critical Tests</stat>
<stat pass="3" fail="0">All Tests</stat>
</total>
<tag>
<stat pass="1" fail="0">regression</stat>
<stat pass="2" fail="0">Senity</stat>
<stat pass="1" fail="0">smoke</stat>
</tag>
<suite>
<stat pass="3" fail="0" id="s1" name="TestSuite1">TestSuite1</stat>
</suite>
</statistics>
<errors>
</errors>
</robot>
